<?xml version="1.0" encoding="UTF-8"?>
<testng-results skipped="0" failed="0" ignored="0" total="1" passed="1">
  <reporter-output>
  </reporter-output>
  <suite name="MoveToShortList" duration-ms="56508" started-at="2020-05-09T14:43:49Z" finished-at="2020-05-09T14:44:46Z">
    <groups>
      <group name="cucumber">
        <method signature="AbstractTestNGCucumberTests.feature(cucumber.api.testng.CucumberFeatureWrapper)[pri:0, instance:com.snapdeal.runner.MoveToShortListRunner@dc24521]" name="feature" class="cucumber.api.testng.AbstractTestNGCucumberTests"/>
      </group> <!-- cucumber -->
    </groups>
    <test name="Test" duration-ms="56508" started-at="2020-05-09T14:43:49Z" finished-at="2020-05-09T14:44:46Z">
      <class name="com.snapdeal.runner.MoveToShortListRunner">
        <test-method status="PASS" signature="setUpClass()[pri:0, instance:com.snapdeal.runner.MoveToShortListRunner@dc24521]" name="setUpClass" is-config="true" duration-ms="294" started-at="2020-05-09T14:43:49Z" finished-at="2020-05-09T14:43:50Z">
          <reporter-output>
          </reporter-output>
        </test-method> <!-- setUpClass -->
        <test-method status="PASS" signature="feature(cucumber.api.testng.CucumberFeatureWrapper)[pri:0, instance:com.snapdeal.runner.MoveToShortListRunner@dc24521]" name="feature" duration-ms="55972" started-at="2020-05-09T14:43:50Z" description="Runs Cucumber Feature" data-provider="features" finished-at="2020-05-09T14:44:46Z">
          <params>
            <param index="0">
              <value>
                <![CDATA[Move to ShortList]]>
              </value>
            </param>
          </params>
          <reporter-output>
          </reporter-output>
        </test-method> <!-- feature -->
        <test-method status="PASS" signature="tearDownClass()[pri:0, instance:com.snapdeal.runner.MoveToShortListRunner@dc24521]" name="tearDownClass" is-config="true" duration-ms="8" started-at="2020-05-09T14:44:46Z" finished-at="2020-05-09T14:44:46Z">
          <reporter-output>
          </reporter-output>
        </test-method> <!-- tearDownClass -->
      </class> <!-- com.snapdeal.runner.MoveToShortListRunner -->
    </test> <!-- Test -->
  </suite> <!-- MoveToShortList -->
</testng-results>
