<?xml version="1.0" encoding="UTF-8"?>
<testng-results skipped="0" failed="0" ignored="0" total="1" passed="1">
  <reporter-output>
  </reporter-output>
  <suite name="AddingProduct" duration-ms="42820" started-at="2020-05-11T12:38:18Z" finished-at="2020-05-11T12:39:01Z">
    <groups>
      <group name="cucumber">
        <method signature="AbstractTestNGCucumberTests.feature(cucumber.api.testng.CucumberFeatureWrapper)[pri:0, instance:com.snapdeal.runner.AddingProductToCartRunner@dc24521]" name="feature" class="cucumber.api.testng.AbstractTestNGCucumberTests"/>
      </group> <!-- cucumber -->
    </groups>
    <test name="Test" duration-ms="42820" started-at="2020-05-11T12:38:18Z" finished-at="2020-05-11T12:39:01Z">
      <class name="com.snapdeal.runner.AddingProductToCartRunner">
        <test-method status="PASS" signature="setUpClass()[pri:0, instance:com.snapdeal.runner.AddingProductToCartRunner@dc24521]" name="setUpClass" is-config="true" duration-ms="308" started-at="2020-05-11T12:38:18Z" finished-at="2020-05-11T12:38:19Z">
          <reporter-output>
          </reporter-output>
        </test-method> <!-- setUpClass -->
        <test-method status="PASS" signature="feature(cucumber.api.testng.CucumberFeatureWrapper)[pri:0, instance:com.snapdeal.runner.AddingProductToCartRunner@dc24521]" name="feature" duration-ms="42386" started-at="2020-05-11T12:38:19Z" description="Runs Cucumber Feature" data-provider="features" finished-at="2020-05-11T12:39:01Z">
          <params>
            <param index="0">
              <value>
                <![CDATA[Add To Cart]]>
              </value>
            </param>
          </params>
          <reporter-output>
          </reporter-output>
        </test-method> <!-- feature -->
        <test-method status="PASS" signature="tearDownClass()[pri:0, instance:com.snapdeal.runner.AddingProductToCartRunner@dc24521]" name="tearDownClass" is-config="true" duration-ms="5" started-at="2020-05-11T12:39:01Z" finished-at="2020-05-11T12:39:01Z">
          <reporter-output>
          </reporter-output>
        </test-method> <!-- tearDownClass -->
      </class> <!-- com.snapdeal.runner.AddingProductToCartRunner -->
    </test> <!-- Test -->
  </suite> <!-- AddingProduct -->
</testng-results>
